{"C:\\Users\\OsCZ\\Documents\\Curso de JavaScrips Node´s\\javascriptnode\\SECCION4\\start-with-jest\\compact.js": {"path":"C:\\Users\\OsCZ\\Documents\\Curso de JavaScrips Node´s\\javascriptnode\\SECCION4\\start-with-jest\\compact.js","statementMap":{"0":{"start":{"line":1,"column":23},"end":{"line":1,"column":70}},"1":{"start":{"line":1,"column":34},"end":{"line":1,"column":70}},"2":{"start":{"line":1,"column":60},"end":{"line":1,"column":69}}},"fnMap":{"0":{"name":"(anonymous_0)","decl":{"start":{"line":1,"column":23},"end":{"line":1,"column":24}},"loc":{"start":{"line":1,"column":34},"end":{"line":1,"column":70}},"line":1},"1":{"name":"(anonymous_1)","decl":{"start":{"line":1,"column":47},"end":{"line":1,"column":48}},"loc":{"start":{"line":1,"column":60},"end":{"line":1,"column":69}},"line":1}},"branchMap":{},"s":{"0":1,"1":1,"2":6},"f":{"0":1,"1":6},"b":{},"_coverageSchema":"1a1c01bbd47fc00a2c39e90264f33305004495a9","hash":"0c8a801cb45aaafddf934deeb22673139f60efa1"}
}
